<?xml version="1.0" encoding="UTF-8"?>
<testng-results skipped="0" failed="0" total="1" passed="1">
  <reporter-output>
  </reporter-output>
  <suite name="Default suite" duration-ms="40289" started-at="2020-04-02T08:27:41Z" finished-at="2020-04-02T08:28:21Z">
    <groups>
    </groups>
    <test name="Default test" duration-ms="40289" started-at="2020-04-02T08:27:41Z" finished-at="2020-04-02T08:28:21Z">
      <class name="com.training.sanity.tests.Testcase9">
        <test-method status="PASS" signature="setUpBeforeClass()[pri:0, instance:com.training.sanity.tests.Testcase9@ea4a92b]" name="setUpBeforeClass" is-config="true" duration-ms="21" started-at="2020-04-02T13:57:41Z" finished-at="2020-04-02T13:57:41Z">
          <reporter-output>
          </reporter-output>
        </test-method> <!-- setUpBeforeClass -->
        <test-method status="PASS" signature="setUp()[pri:0, instance:com.training.sanity.tests.Testcase9@ea4a92b]" name="setUp" is-config="true" duration-ms="16524" started-at="2020-04-02T13:57:41Z" finished-at="2020-04-02T13:57:57Z">
          <reporter-output>
          </reporter-output>
        </test-method> <!-- setUp -->
        <test-method status="PASS" signature="mainTest()[pri:0, instance:com.training.sanity.tests.Testcase9@ea4a92b]" name="mainTest" duration-ms="21961" started-at="2020-04-02T13:57:57Z" finished-at="2020-04-02T13:58:19Z">
          <reporter-output>
          </reporter-output>
        </test-method> <!-- mainTest -->
        <test-method status="PASS" signature="tearDown()[pri:0, instance:com.training.sanity.tests.Testcase9@ea4a92b]" name="tearDown" is-config="true" duration-ms="1764" started-at="2020-04-02T13:58:19Z" finished-at="2020-04-02T13:58:21Z">
          <reporter-output>
          </reporter-output>
        </test-method> <!-- tearDown -->
      </class> <!-- com.training.sanity.tests.Testcase9 -->
    </test> <!-- Default test -->
  </suite> <!-- Default suite -->
</testng-results>
