<?xml version="1.0" encoding="UTF-8"?>
<!-- Generated by org.testng.reporters.JUnitXMLReporter -->
<testsuite hostname="DESKTOP-FB0RIJ9" name="Default test" tests="4" failures="0" timestamp="16 Apr 2020 08:13:54 GMT" time="139.251" errors="0">
  <testcase name="user" time="19.004" classname="com.training.sanity.tests.Testcase85"/>
  <testcase name="user" time="18.616" classname="com.training.sanity.tests.Testcase85"/>
  <testcase name="user" time="18.011" classname="com.training.sanity.tests.Testcase85"/>
  <testcase name="user" time="17.563" classname="com.training.sanity.tests.Testcase85"/>
</testsuite> <!-- Default test -->
